2024-07-09 00:11:44.581 [main] INFO  com.rabbiter.pm.ParkingApplication - Starting ParkingApplication on DESKTOP-63OUAPV with PID 29644 (F:\IdeaProjects\parking\ParkingManagerApi\target\classes started by Huawei in F:\IdeaProjects\parking)
2024-07-09 00:11:44.583 [main] INFO  com.rabbiter.pm.ParkingApplication - No active profile set, falling back to default profiles: default
2024-07-09 00:11:45.268 [main] INFO  o.s.boot.web.embedded.tomcat.TomcatWebServer - Tomcat initialized with port(s): 9271 (http)
2024-07-09 00:11:45.278 [main] INFO  org.apache.coyote.http11.Http11NioProtocol - Initializing ProtocolHandler ["http-nio-9271"]
2024-07-09 00:11:45.278 [main] INFO  org.apache.catalina.core.StandardService - Starting service [Tomcat]
2024-07-09 00:11:45.279 [main] INFO  org.apache.catalina.core.StandardEngine - Starting Servlet engine: [Apache Tomcat/9.0.41]
2024-07-09 00:11:45.320 [main] INFO  o.a.c.core.ContainerBase.[Tomcat].[localhost].[/] - Initializing Spring embedded WebApplicationContext
2024-07-09 00:11:45.320 [main] INFO  o.s.b.w.s.c.ServletWebServerApplicationContext - Root WebApplicationContext: initialization completed in 713 ms
2024-07-09 00:11:45.953 [main] INFO  o.s.scheduling.concurrent.ThreadPoolTaskExecutor - Initializing ExecutorService 'applicationTaskExecutor'
2024-07-09 00:11:46.102 [main] INFO  org.apache.coyote.http11.Http11NioProtocol - Starting ProtocolHandler ["http-nio-9271"]
2024-07-09 00:11:46.113 [main] INFO  o.s.boot.web.embedded.tomcat.TomcatWebServer - Tomcat started on port(s): 9271 (http) with context path ''
2024-07-09 00:11:46.119 [main] INFO  com.rabbiter.pm.ParkingApplication - Started ParkingApplication in 1.848 seconds (JVM running for 2.256)
2024-07-09 00:12:21.239 [http-nio-9271-exec-1] INFO  org.apache.tomcat.util.http.parser.Cookie - A cookie header was received [1720366768; cname=%E5%A4%A7%E5%92%B8%E9%B1%BC; cid=20154084; username=admin; rememberMe=true; password=ahH6oR6/h1ZOaz2pmrOnvcOFyR2qTm73TIt6ykpiu5c1515o9Vb2ApqP7txaVH6wK70S6vO6YcRI2jlIIZv5mw==] that contained an invalid cookie. That cookie will be ignored.
 Note: further occurrences of this error will be logged at DEBUG level.
2024-07-09 00:12:21.243 [http-nio-9271-exec-1] INFO  o.a.c.core.ContainerBase.[Tomcat].[localhost].[/] - Initializing Spring DispatcherServlet 'dispatcherServlet'
2024-07-09 00:12:21.243 [http-nio-9271-exec-1] INFO  org.springframework.web.servlet.DispatcherServlet - Initializing Servlet 'dispatcherServlet'
2024-07-09 00:12:21.247 [http-nio-9271-exec-1] INFO  org.springframework.web.servlet.DispatcherServlet - Completed initialization in 4 ms
2024-07-09 00:12:21.374 [http-nio-9271-exec-1] INFO  com.alibaba.druid.pool.DruidDataSource - {dataSource-1} inited
2024-07-09 00:14:02.071 [SpringContextShutdownHook] INFO  o.s.scheduling.concurrent.ThreadPoolTaskExecutor - Shutting down ExecutorService 'applicationTaskExecutor'
2024-07-09 00:14:02.072 [SpringContextShutdownHook] INFO  com.alibaba.druid.pool.DruidDataSource - {dataSource-1} closing ...
2024-07-09 00:14:02.080 [SpringContextShutdownHook] INFO  com.alibaba.druid.pool.DruidDataSource - {dataSource-1} closed
